<?xml version="1.0" encoding="UTF-8"?>
<!-- Generated by org.testng.reporters.JUnitXMLReporter -->
<testsuite ignored="5" hostname="DESKTOP-JCJ8HOK" failures="1" tests="2" name="CreatePortifolioTest" time="68.352" errors="0" timestamp="20 Apr 2022 12:00:24 GMT">
  <testcase classname="testcases.BaseTest" name="@BeforeMethod BeforeMethod" time="0.005">
    <skipped/>
  </testcase> <!-- @BeforeMethod BeforeMethod -->
  <testcase classname="testcases.Session" name="doLogin" time="65.639">
    <failure type="java.lang.AssertionError" message="The following asserts failed:
	Test is Incorrect">
      <![CDATA[java.lang.AssertionError: The following asserts failed:
Test is Incorrect
at keywords.GenericKeyword.assertAll(GenericKeyword.java:162)
at keywords.GenericKeyword.reportFailure(GenericKeyword.java:156)
at testcases.Session.doLogin(Session.java:18)
... Removed 26 stack frames]]>
    </failure>
  </testcase> <!-- doLogin -->
  <testcase classname="testcases.PortifolioManagement" name="createPortifolio" time="0.0">
    <skipped/>
  </testcase> <!-- createPortifolio -->
  <testcase classname="testcases.PortifolioManagement" name="deletePortifolio" time="0.0">
    <ignored/>
  </testcase> <!-- deletePortifolio -->
  <testcase classname="testcases.BaseTest" name="@BeforeTest beforeTest" time="0.0">
    <ignored/>
  </testcase> <!-- @BeforeTest beforeTest -->
  <testcase classname="testcases.Session" name="doLogout" time="0.0">
    <ignored/>
  </testcase> <!-- doLogout -->
  <testcase classname="testcases.BaseTest" name="@AfterTest quit" time="0.0">
    <ignored/>
  </testcase> <!-- @AfterTest quit -->
  <testcase classname="testcases.PortifolioManagement" name="modifyPortifolio" time="0.0">
    <ignored/>
  </testcase> <!-- modifyPortifolio -->
</testsuite> <!-- CreatePortifolioTest -->
