<?xml version="1.0" encoding="UTF-8"?>
<!-- Generated by org.testng.reporters.JUnitXMLReporter -->
<testsuite ignored="6" hostname="DESKTOP-JCJ8HOK" failures="2" tests="5" name="Add New Stock Test" time="18.251" errors="0" timestamp="23 May 2022 11:31:21 GMT">
  <testcase classname="testcases.BaseTest" name="@BeforeMethod BeforeMethod" time="0.001">
    <skipped/>
  </testcase> <!-- @BeforeMethod BeforeMethod -->
  <testcase classname="testcases.BaseTest" name="@BeforeMethod BeforeMethod" time="0.0">
    <skipped/>
  </testcase> <!-- @BeforeMethod BeforeMethod -->
  <testcase classname="testcases.PortifolioManagement" name="selectPortFolio" time="1.579"/>
  <testcase classname="testcases.StockManagement" name="addNewStock" time="1.059">
    <failure type="java.lang.IllegalArgumentException" message="Keys to send should be a not null CharSequence">
      <![CDATA[java.lang.IllegalArgumentException: Keys to send should be a not null CharSequence
at org.openqa.selenium.remote.RemoteWebElement.sendKeys(RemoteWebElement.java:92)
at keywords.GenericKeyword.type(GenericKeyword.java:126)
at testcases.StockManagement.addNewStock(StockManagement.java:33)
... Removed 25 stack frames]]>
    </failure>
  </testcase> <!-- addNewStock -->
  <testcase classname="testcases.StockManagement" name="verifyStockPresent" time="0.336">
    <failure type="java.lang.AssertionError" message="The following asserts failed:
	Stock Not present Birla Corporation Ltd">
      <![CDATA[java.lang.AssertionError: The following asserts failed:
Stock Not present Birla Corporation Ltd
at keywords.GenericKeyword.assertAll(GenericKeyword.java:185)
at keywords.GenericKeyword.reportFailure(GenericKeyword.java:179)
at testcases.StockManagement.verifyStockPresent(StockManagement.java:85)
... Removed 26 stack frames]]>
    </failure>
  </testcase> <!-- verifyStockPresent -->
  <testcase classname="testcases.StockManagement" name="verifyStockQuantity" time="0.0">
    <skipped/>
  </testcase> <!-- verifyStockQuantity -->
  <testcase classname="testcases.StockManagement" name="verifyTransactionHistory" time="0.0">
    <skipped/>
  </testcase> <!-- verifyTransactionHistory -->
  <testcase classname="testcases.PortifolioManagement" name="deletePortfolio" time="0.0">
    <ignored/>
  </testcase> <!-- deletePortfolio -->
  <testcase classname="testcases.PortifolioManagement" name="createPortfolio" time="0.0">
    <ignored/>
  </testcase> <!-- createPortfolio -->
  <testcase classname="testcases.BaseTest" name="@BeforeTest beforeTest" time="0.0">
    <ignored/>
  </testcase> <!-- @BeforeTest beforeTest -->
  <testcase classname="testcases.StockManagement" name="modifyStock" time="0.0">
    <ignored/>
  </testcase> <!-- modifyStock -->
  <testcase classname="testcases.StockManagement" name="verifyStockAvgBuyPrice" time="0.0">
    <ignored/>
  </testcase> <!-- verifyStockAvgBuyPrice -->
  <testcase classname="testcases.BaseTest" name="@AfterTest quit" time="0.0">
    <ignored/>
  </testcase> <!-- @AfterTest quit -->
</testsuite> <!-- Add New Stock Test -->
